21:34:47.867 [Daemon worker Thread 5] INFO  o.a.AndroidAnnotationProcessor:84 - Initialize AndroidAnnotations 3.2 with options {androidManifestFile=/Users/dongfangyuxiao/Desktop/09 Ecg_Analysis/build/intermediates/manifests/full/debug/AndroidManifest.xml}
21:34:48.8 [Daemon worker Thread 5] INFO  o.a.AndroidAnnotationProcessor:108 - Start processing for 7 annotations on 20 elements
21:34:48.20 [Daemon worker Thread 5] DEBUG o.a.h.AndroidManifestFinder:98 - AndroidManifest.xml file found with specified path: /Users/dongfangyuxiao/Desktop/09 Ecg_Analysis/build/intermediates/manifests/full/debug/AndroidManifest.xml
21:34:48.37 [Daemon worker Thread 5] INFO  o.a.AndroidAnnotationProcessor:171 - AndroidManifest.xml found: AndroidManifest [applicationPackage=com.ecg_analysis, componentQualifiedNames=[com.ecg.activity.MainActivity_, com.ecg.activity.SettingActivity, com.ecg.activity.ShowActivity_, org.achartengine.GraphicalActivity, com.ecg.activity.BluetoothLeService], permissionQualifiedNames=[android.permission.BLUETOOTH, android.permission.BLUETOOTH_ADMIN, android.permission.MOUNT_UNMOUNT_FILESYSTEMS, android.permission.WRITE_EXTERNAL_STORAGE, android.permission.RESTART_PACKAGES, android.permission.KILL_BACKGROUND_PROCESSES], applicationClassName=com.ecg.MyApplication, libraryProject=false, debugabble=false, minSdkVersion=18, maxSdkVersion=-1, targetSdkVersion=18]
21:34:48.38 [Daemon worker Thread 5] INFO  o.a.r.ProjectRClassFinder:50 - Found project R class: com.ecg_analysis.R
21:34:48.47 [Daemon worker Thread 5] INFO  o.a.r.AndroidRClassFinder:44 - Found Android class: android.R
21:34:48.93 [Daemon worker Thread 5] INFO  o.a.p.ModelValidator:42 - Validating elements
21:34:48.94 [Daemon worker Thread 5] DEBUG o.a.p.ModelValidator:62 - Validating with EActivityHandler: [com.ecg.activity.MainActivity, com.ecg.activity.ShowActivity]
21:34:48.98 [Daemon worker Thread 5] DEBUG o.a.p.ModelValidator:62 - Validating with ViewByIdHandler: [service_list, MainActivity_TextView_ShowConnectState, main_connect, main_cancel, linerlayout_main_connect, linerlayout_main, linerlayout_main_text, linerlayout_main_connect_button, ShowActivity_Button_ConnectStart, ShowActivity_LinerLayout_HRChart, ShowActivity_RelativeLayout_TimeChart, ShowActivity_RelativeLayout_FreqChart, ShowActivity_LinerLayout_ECGChart, ShowActivity_Button_ShowHRChart, ShowActivity_Button_ShowTimeChart, ShowActivity_Button_ShowFreqChart, ShowActivity_TextView_AnalysisText, TimeChart, HRChart, FreqChart]
21:34:48.109 [Daemon worker Thread 5] DEBUG o.a.p.ModelValidator:62 - Validating with ClickHandler: [main_connect(), MainActivity_Button_ConnectAtNow(), main_cancel(), ShowActivity_Button_ShowHRChart(), ShowActivity_Button_ShowTimeChart(), ShowActivity_Button_ShowFreqChart(), ShowActivity_Button_ConnectStart()]
21:34:48.113 [Daemon worker Thread 5] DEBUG o.a.p.ModelValidator:62 - Validating with ItemClickHandler: [service_list(int)]
21:34:48.116 [Daemon worker Thread 5] DEBUG o.a.p.ModelValidator:62 - Validating with AfterViewsHandler: [init(), init()]
21:34:48.116 [Daemon worker Thread 5] DEBUG o.a.p.ModelValidator:62 - Validating with UiThreadHandler: [setCircleButton(int), BluetoothDisconnetWarning(), BackToMainActivity(), ECGChartinvalidate(), HRChartinvalidate(), TimeChartinvalidate(), FreqChartinvalidate(), updateAnalysisTV(com.ecg.db.Anno,int)]
21:34:48.117 [Daemon worker Thread 5] DEBUG o.a.p.ModelValidator:62 - Validating with BackgroundHandler: [ConnectDevice(), scanLeDevice(boolean), WriteDevice(), WriteDevice1(), WriteDevice2(), updateECGChart(), updateRateMap(double), updateTimeChart(), updateFreqChart()]
21:34:48.135 [Daemon worker Thread 5] INFO  o.a.p.ModelProcessor:69 - Processing root elements
21:34:48.135 [Daemon worker Thread 5] DEBUG o.a.p.ModelProcessor:160 - Processing root elements EActivityHandler: [com.ecg.activity.ShowActivity, com.ecg.activity.MainActivity]
21:34:48.191 [Daemon worker Thread 5] INFO  o.a.p.ModelProcessor:77 - Processing enclosed elements
21:34:48.228 [Daemon worker Thread 5] INFO  o.a.AndroidAnnotationProcessor:250 - Number of files generated by AndroidAnnotations: 2
21:34:48.231 [Daemon worker Thread 5] INFO  o.a.g.ApiCodeGenerator:52 - Writting following API classes in project: []
21:34:48.239 [Daemon worker Thread 5] DEBUG o.a.g.SourceCodewriter:55 - Generating class: com.ecg.activity.MainActivity_
21:34:48.281 [Daemon worker Thread 5] DEBUG o.a.g.SourceCodewriter:55 - Generating class: com.ecg.activity.ShowActivity_
21:34:48.320 [Daemon worker Thread 5] INFO  o.a.p.TimeStats:81 - Time measurements: [Whole Processing = 312 ms], [Process Annotations = 110 ms], [Generate Sources = 92 ms], [Find R Classes = 38 ms], [Validate Annotations = 26 ms], [Extract Manifest = 19 ms], [Extract Annotations = 8 ms], 
21:34:48.321 [Daemon worker Thread 5] INFO  o.a.AndroidAnnotationProcessor:122 - Finish processing
